2022/05/11 22:51:58 {"callers":["C:/Users/zyc/GolandProjects/demo/ch02/main.go: 30 main.init.0"],"level":"info","message":"index: go-logger-test/ch02","time":1652280718874076900}
2022/05/11 23:14:55 {"callers":["C:/Users/zyc/GolandProjects/demo/ch02/main.go: 30 main.init.0"],"level":"info","message":"index: go-logger-test/ch02","time":1652282095471853100}
2022/05/12 21:13:24 {"callers":["C:/Users/zyc/GolandProjects/demo/ch02/main.go: 30 main.init.0"],"level":"info","message":"index: go-logger-test/ch02","time":1652361204384786300}
2022/05/12 21:17:08 {"callers":["C:/Users/zyc/GolandProjects/demo/ch02/main.go: 30 main.init.0"],"level":"info","message":"index: go-logger-test/ch02","time":1652361428511759600}
2022/05/12 21:22:18 {"callers":["C:/Users/zyc/GolandProjects/demo/ch02/main.go: 30 main.init.0"],"level":"info","message":"index: go-logger-test/ch02","time":1652361738616765900}
2022/05/12 21:50:39 {"callers":["C:/Users/zyc/GolandProjects/demo/ch02/main.go: 30 main.init.0"],"level":"info","message":"start...index: go-logger-test/ch02","time":1652363439905961500}
2022/05/12 22:25:15 {"callers":["C:/Users/zyc/GolandProjects/demo/ch02/main.go: 30 main.init.0"],"level":"info","message":"start...index: go-logger-test/ch02","time":1652365515616935400}
2022/05/12 22:25:23 {"callers":["C:/Users/zyc/GolandProjects/demo/ch02/main.go: 30 main.init.0"],"level":"error","message":"app.BindAndValid errs: State必须是[0 1]中的一个","time":1652365523523613300}
2022/05/14 17:56:00 {"callers":["C:/Users/zyc/GolandProjects/demo/ch02/main.go: 30 main.init.0"],"level":"info","message":"start...index: go-logger-test/ch02","time":1652522160919090800}
2022/05/14 17:57:43 {"callers":["C:/Users/zyc/GolandProjects/demo/ch02/main.go: 30 main.init.0"],"level":"error","message":"app.BindAndValid errs: Name长度必须至少为3个字符,CreatedBy为必填字段","time":1652522263177782500}
2022/05/14 17:59:44 {"callers":["C:/Users/zyc/GolandProjects/demo/ch02/main.go: 30 main.init.0"],"level":"error","message":"app.BindAndValid errs: Name长度必须至少为3个字符,CreatedBy为必填字段","time":1652522384595748000}
2022/05/14 17:59:48 {"callers":["C:/Users/zyc/GolandProjects/demo/ch02/main.go: 30 main.init.0"],"level":"error","message":"app.BindAndValid errs: CreatedBy为必填字段","time":1652522388576013700}
2022/05/14 18:00:28 {"callers":["C:/Users/zyc/GolandProjects/demo/ch02/main.go: 30 main.init.0"],"level":"error","message":"app.BindAndValid errs: CreatedBy为必填字段","time":1652522428752209700}
2022/05/14 18:01:38 {"callers":["C:/Users/zyc/GolandProjects/demo/ch02/main.go: 30 main.init.0"],"level":"error","message":"app.BindAndValid errs: CreatedBy为必填字段","time":1652522498663643500}
2022/05/14 18:01:48 {"callers":["C:/Users/zyc/GolandProjects/demo/ch02/main.go: 30 main.init.0"],"level":"error","message":"app.BindAndValid errs: ","time":1652522508715197800}
2022/05/14 18:03:07 {"callers":["C:/Users/zyc/GolandProjects/demo/ch02/main.go: 30 main.init.0"],"level":"error","message":"app.BindAndValid errs: CreatedBy为必填字段","time":1652522587692764800}
2022/05/14 18:08:26 {"callers":["C:/Users/zyc/GolandProjects/demo/ch02/main.go: 30 main.init.0"],"level":"error","message":"app.BindAndValid errs: CreatedBy为必填字段","time":1652522906172918300}
2022/05/14 18:08:26 {"callers":["C:/Users/zyc/GolandProjects/demo/ch02/main.go: 30 main.init.0"],"level":"error","message":"app.BindAndValid errs: CreatedBy为必填字段","time":1652522906861250900}
2022/05/14 18:08:27 {"callers":["C:/Users/zyc/GolandProjects/demo/ch02/main.go: 30 main.init.0"],"level":"error","message":"app.BindAndValid errs: CreatedBy为必填字段","time":1652522907191338700}
2022/05/14 18:11:00 {"callers":["C:/Users/zyc/GolandProjects/demo/ch02/main.go: 30 main.init.0"],"level":"error","message":"app.BindAndValid errs: Name长度必须至少为3个字符","time":1652523060445833200}
2022/05/14 18:18:50 {"callers":["C:/Users/zyc/GolandProjects/demo/ch02/main.go: 30 main.init.0"],"level":"error","message":"app.BindAndValid errs: Name长度必须至少为3个字符,State为必填字段","time":1652523530826066000}
2022/05/14 18:25:56 {"callers":["C:/Users/zyc/GolandProjects/demo/ch02/main.go: 30 main.init.0"],"level":"info","message":"start...index: go-logger-test/ch02","time":1652523956084013100}
2022/05/14 18:26:03 {"callers":["C:/Users/zyc/GolandProjects/demo/ch02/main.go: 30 main.init.0"],"level":"error","message":"app.BindAndValid errs: Name长度必须至少为3个字符,State为必填字段","time":1652523963483011500}
2022/05/14 18:26:21 {"callers":["C:/Users/zyc/GolandProjects/demo/ch02/main.go: 30 main.init.0"],"level":"error","message":"app.BindAndValid errs: State为必填字段,Name长度必须至少为3个字符","time":1652523981384297000}
2022/05/14 18:26:31 {"callers":["C:/Users/zyc/GolandProjects/demo/ch02/main.go: 30 main.init.0"],"level":"error","message":"app.BindAndValid errs: Name长度必须至少为3个字符,State为必填字段","time":1652523991319548700}
2022/05/14 18:27:20 {"callers":["C:/Users/zyc/GolandProjects/demo/ch02/main.go: 30 main.init.0"],"level":"info","message":"start...index: go-logger-test/ch02","time":1652524040831609700}
2022/05/14 18:27:25 {"callers":["C:/Users/zyc/GolandProjects/demo/ch02/main.go: 30 main.init.0"],"level":"error","message":"app.BindAndValid errs: Name长度必须至少为3个字符,State为必填字段","time":1652524045171549100}
2022/05/14 18:31:04 {"callers":["C:/Users/zyc/GolandProjects/demo/ch02/main.go: 30 main.init.0"],"level":"info","message":"start...index: go-logger-test/ch02","time":1652524264827169800}
2022/05/14 18:31:08 {"callers":["C:/Users/zyc/GolandProjects/demo/ch02/main.go: 30 main.init.0"],"level":"error","message":"app.BindAndValid errs: ","time":1652524268521890800}
2022/05/14 18:31:31 {"callers":["C:/Users/zyc/GolandProjects/demo/ch02/main.go: 30 main.init.0"],"level":"error","message":"app.BindAndValid errs: Name长度必须至少为3个字符,State为必填字段","time":1652524291961491600}
2022/05/14 18:32:21 {"callers":["C:/Users/zyc/GolandProjects/demo/ch02/main.go: 30 main.init.0"],"level":"error","message":"app.BindAndValid errs: Name长度必须至少为3个字符,State为必填字段,ModifiedBy为必填字段","time":1652524341348244100}
2022/05/14 18:32:30 {"callers":["C:/Users/zyc/GolandProjects/demo/ch02/main.go: 30 main.init.0"],"level":"error","message":"app.BindAndValid errs: ","time":1652524350889095000}
2022/05/14 18:35:10 {"callers":["C:/Users/zyc/GolandProjects/demo/ch02/main.go: 30 main.init.0"],"level":"error","message":"app.BindAndValid errs: Name长度必须至少为3个字符,State为必填字段,ModifiedBy为必填字段","time":1652524510601875200}
2022/05/14 18:35:27 {"callers":["C:/Users/zyc/GolandProjects/demo/ch02/main.go: 30 main.init.0"],"level":"error","message":"app.BindAndValid errs: Name长度必须至少为3个字符,State为必填字段","time":1652524527601629300}
2022/05/14 18:36:13 {"callers":["C:/Users/zyc/GolandProjects/demo/ch02/main.go: 30 main.init.0"],"level":"error","message":"app.BindAndValid errs: Name长度必须至少为3个字符,State为必填字段","time":1652524573850958900}
2022/05/14 18:36:14 {"callers":["C:/Users/zyc/GolandProjects/demo/ch02/main.go: 30 main.init.0"],"level":"error","message":"app.BindAndValid errs: State为必填字段,Name长度必须至少为3个字符","time":1652524574361511700}
2022/05/14 18:36:15 {"callers":["C:/Users/zyc/GolandProjects/demo/ch02/main.go: 30 main.init.0"],"level":"error","message":"app.BindAndValid errs: Name长度必须至少为3个字符,State为必填字段","time":1652524575344470600}
2022/05/14 18:36:28 {"callers":["C:/Users/zyc/GolandProjects/demo/ch02/main.go: 30 main.init.0"],"level":"error","message":"app.BindAndValid errs: Name长度必须至少为3个字符,State为必填字段","time":1652524588161522400}
2022/05/14 18:38:10 {"callers":["C:/Users/zyc/GolandProjects/demo/ch02/main.go: 30 main.init.0"],"level":"error","message":"app.BindAndValid errs: Name长度必须至少为3个字符","time":1652524690833440800}
2022/05/14 18:38:26 {"callers":["C:/Users/zyc/GolandProjects/demo/ch02/main.go: 30 main.init.0"],"level":"error","message":"app.BindAndValid errs: Name长度必须至少为3个字符","time":1652524706493338100}
2022/05/14 18:42:10 {"callers":["C:/Users/zyc/GolandProjects/demo/ch02/main.go: 30 main.init.0"],"level":"info","message":"start...index: go-logger-test/ch02","time":1652524930579087800}
2022/05/14 18:42:19 {"callers":["C:/Users/zyc/GolandProjects/demo/ch02/main.go: 30 main.init.0"],"level":"error","message":"app.BindAndValid errs: Name长度必须至少为3个字符","time":1652524939047440400}
2022/05/14 18:42:31 {"callers":["C:/Users/zyc/GolandProjects/demo/ch02/main.go: 30 main.init.0"],"level":"error","message":"app.BindAndValid errs: Name长度必须至少为3个字符","time":1652524951480699600}
2022/05/14 18:44:22 {"callers":["C:/Users/zyc/GolandProjects/demo/ch02/main.go: 30 main.init.0"],"level":"info","message":"start...index: go-logger-test/ch02","time":1652525062422547200}
2022/05/14 18:45:00 {"callers":["C:/Users/zyc/GolandProjects/demo/ch02/main.go: 30 main.init.0"],"level":"error","message":"app.BindAndValid errs: ","time":1652525100904134500}
2022/05/14 18:45:41 {"callers":["C:/Users/zyc/GolandProjects/demo/ch02/main.go: 30 main.init.0"],"level":"error","message":"app.BindAndValid errs: ","time":1652525141982411100}
2022/05/14 18:46:14 {"callers":["C:/Users/zyc/GolandProjects/demo/ch02/main.go: 30 main.init.0"],"level":"error","message":"app.BindAndValid errs: ","time":1652525174581682000}
2022/05/14 18:46:27 {"callers":["C:/Users/zyc/GolandProjects/demo/ch02/main.go: 30 main.init.0"],"level":"error","message":"app.BindAndValid errs: ","time":1652525187672052000}
2022/05/14 18:47:51 {"callers":["C:/Users/zyc/GolandProjects/demo/ch02/main.go: 30 main.init.0"],"level":"error","message":"app.BindAndValid errs: Name长度必须至少为3个字符,State为必填字段,ModifiedBy为必填字段","time":1652525271176140000}
2022/05/14 18:47:54 {"callers":["C:/Users/zyc/GolandProjects/demo/ch02/main.go: 30 main.init.0"],"level":"error","message":"app.BindAndValid errs: ModifiedBy为必填字段,Name长度必须至少为3个字符,State为必填字段","time":1652525274190300300}
2022/05/14 18:47:59 {"callers":["C:/Users/zyc/GolandProjects/demo/ch02/main.go: 30 main.init.0"],"level":"error","message":"app.BindAndValid errs: Name长度必须至少为3个字符,State为必填字段","time":1652525279317564700}
2022/05/14 18:47:59 {"callers":["C:/Users/zyc/GolandProjects/demo/ch02/main.go: 30 main.init.0"],"level":"error","message":"app.BindAndValid errs: Name长度必须至少为3个字符,State为必填字段","time":1652525279978174400}
2022/05/14 18:48:00 {"callers":["C:/Users/zyc/GolandProjects/demo/ch02/main.go: 30 main.init.0"],"level":"error","message":"app.BindAndValid errs: Name长度必须至少为3个字符,State为必填字段","time":1652525280437424700}
2022/05/14 18:48:00 {"callers":["C:/Users/zyc/GolandProjects/demo/ch02/main.go: 30 main.init.0"],"level":"error","message":"app.BindAndValid errs: Name长度必须至少为3个字符,State为必填字段","time":1652525280875474900}
2022/05/14 18:48:01 {"callers":["C:/Users/zyc/GolandProjects/demo/ch02/main.go: 30 main.init.0"],"level":"error","message":"app.BindAndValid errs: Name长度必须至少为3个字符,State为必填字段","time":1652525281180840600}
2022/05/14 18:48:01 {"callers":["C:/Users/zyc/GolandProjects/demo/ch02/main.go: 30 main.init.0"],"level":"error","message":"app.BindAndValid errs: Name长度必须至少为3个字符,State为必填字段","time":1652525281597284700}
2022/05/14 18:51:11 {"callers":["C:/Users/zyc/GolandProjects/demo/ch02/main.go: 30 main.init.0"],"level":"error","message":"app.BindAndValid errs: Name长度必须至少为3个字符,State为必填字段","time":1652525471891692800}
2022/05/14 19:00:11 {"callers":["C:/Users/zyc/GolandProjects/demo/ch02/main.go: 30 main.init.0"],"level":"info","message":"start...index: go-logger-test/ch02","time":1652526011997453500}
2022/05/14 19:00:24 {"callers":["C:/Users/zyc/GolandProjects/demo/ch02/main.go: 30 main.init.0"],"level":"error","message":"app.BindAndValid errs: Name长度必须至少为3个字符,State为必填字段","time":1652526024329345400}
2022/05/14 19:00:27 {"callers":["C:/Users/zyc/GolandProjects/demo/ch02/main.go: 30 main.init.0"],"level":"error","message":"app.BindAndValid errs: Name长度必须至少为3个字符,State为必填字段","time":1652526027666101500}
2022/05/14 19:00:28 {"callers":["C:/Users/zyc/GolandProjects/demo/ch02/main.go: 30 main.init.0"],"level":"error","message":"app.BindAndValid errs: Name长度必须至少为3个字符,State为必填字段","time":1652526028314842600}
2022/05/14 19:00:49 {"callers":["C:/Users/zyc/GolandProjects/demo/ch02/main.go: 30 main.init.0"],"level":"error","message":"app.BindAndValid errs: Name长度必须至少为3个字符,ModifiedBy为必填字段","time":1652526049105285300}
2022/05/14 19:00:54 {"callers":["C:/Users/zyc/GolandProjects/demo/ch02/main.go: 30 main.init.0"],"level":"error","message":"app.BindAndValid errs: ","time":1652526054335346900}
2022/05/14 19:01:16 {"callers":["C:/Users/zyc/GolandProjects/demo/ch02/main.go: 30 main.init.0"],"level":"error","message":"app.BindAndValid errs: Name长度必须至少为3个字符","time":1652526076667852000}
2022/05/14 19:01:29 {"callers":["C:/Users/zyc/GolandProjects/demo/ch02/main.go: 30 main.init.0"],"level":"error","message":"app.BindAndValid errs: Name长度必须至少为3个字符,State为必填字段","time":1652526089718603800}
2022/05/14 19:01:34 {"callers":["C:/Users/zyc/GolandProjects/demo/ch02/main.go: 30 main.init.0"],"level":"error","message":"app.BindAndValid errs: Name长度必须至少为3个字符","time":1652526094812242800}
2022/05/14 19:02:46 {"callers":["C:/Users/zyc/GolandProjects/demo/ch02/main.go: 30 main.init.0"],"level":"info","message":"start...index: go-logger-test/ch02","time":1652526166549703400}
2022/05/14 19:03:25 {"callers":["C:/Users/zyc/GolandProjects/demo/ch02/main.go: 30 main.init.0"],"level":"info","message":"start...index: go-logger-test/ch02","time":1652526205023522500}
2022/05/14 19:07:12 {"callers":["C:/Users/zyc/GolandProjects/demo/ch02/main.go: 30 main.init.0"],"level":"info","message":"start...index: go-logger-test/ch02","time":1652526432878408600}
2022/05/14 19:09:00 {"callers":["C:/Users/zyc/GolandProjects/demo/ch02/main.go: 30 main.init.0"],"level":"info","message":"start...index: go-logger-test/ch02","time":1652526540827432800}
2022/05/14 19:09:05 {"callers":["C:/Users/zyc/GolandProjects/demo/ch02/main.go: 30 main.init.0"],"level":"error","message":"app.BindAndValid errs: Name长度必须至少为3个字符,State为必填字段","time":1652526545760700500}
2022/05/14 19:10:00 {"callers":["C:/Users/zyc/GolandProjects/demo/ch02/main.go: 30 main.init.0"],"level":"info","message":"start...index: go-logger-test/ch02","time":1652526600867764100}
2022/05/14 19:10:07 {"callers":["C:/Users/zyc/GolandProjects/demo/ch02/main.go: 30 main.init.0"],"level":"error","message":"app.BindAndValid errs: ","time":1652526607729628600}
2022/05/14 19:10:52 {"callers":["C:/Users/zyc/GolandProjects/demo/ch02/main.go: 30 main.init.0"],"level":"error","message":"app.BindAndValid errs: Name长度必须至少为3个字符","time":1652526652678389700}
2022/05/14 19:21:06 {"callers":["C:/Users/zyc/GolandProjects/demo/ch02/main.go: 30 main.init.0"],"level":"info","message":"start...index: go-logger-test/ch02","time":1652527266854404200}
2022/05/14 19:21:42 {"callers":["C:/Users/zyc/GolandProjects/demo/ch02/main.go: 30 main.init.0"],"level":"error","message":"app.BindAndValid errs: CreatedBy为必填字段","time":1652527302812312100}
2022/05/14 19:22:59 {"callers":["C:/Users/zyc/GolandProjects/demo/ch02/main.go: 30 main.init.0"],"level":"info","message":"start...index: go-logger-test/ch02","time":1652527379681818500}
2022/05/14 19:23:01 {"callers":["C:/Users/zyc/GolandProjects/demo/ch02/main.go: 30 main.init.0"],"level":"error","message":"app.BindAndValid errs: CreatedBy为必填字段","time":1652527381982090000}
2022/05/14 19:23:23 {"callers":["C:/Users/zyc/GolandProjects/demo/ch02/main.go: 30 main.init.0"],"level":"info","message":"start...index: go-logger-test/ch02","time":1652527403502687900}
2022/05/14 19:23:29 {"callers":["C:/Users/zyc/GolandProjects/demo/ch02/main.go: 30 main.init.0"],"level":"error","message":"app.BindAndValid errs: CreatedBy为必填字段","time":1652527409418267400}
2022/05/14 22:56:34 {"callers":["C:/Users/zyc/GolandProjects/demo/ch02/main.go: 30 main.init.0"],"level":"info","message":"start...index: go-logger-test/ch02","time":1652540194110896900}
2022/05/14 22:57:12 {"callers":["C:/Users/zyc/GolandProjects/demo/ch02/main.go: 30 main.init.0"],"level":"error","message":"svc.UpdateTag err: unsupported destination, should be slice or struct","time":1652540232286771400}
2022/05/14 22:58:16 {"callers":["C:/Users/zyc/GolandProjects/demo/ch02/main.go: 30 main.init.0"],"level":"error","message":"svc.UpdateTag err: unsupported destination, should be slice or struct","time":1652540296776336900}
2022/05/14 22:58:17 {"callers":["C:/Users/zyc/GolandProjects/demo/ch02/main.go: 30 main.init.0"],"level":"error","message":"svc.UpdateTag err: unsupported destination, should be slice or struct","time":1652540297364439300}
2022/05/14 22:58:17 {"callers":["C:/Users/zyc/GolandProjects/demo/ch02/main.go: 30 main.init.0"],"level":"error","message":"svc.UpdateTag err: unsupported destination, should be slice or struct","time":1652540297786773100}
2022/05/14 23:04:57 {"callers":["C:/Users/zyc/GolandProjects/demo/ch02/main.go: 30 main.init.0"],"level":"info","message":"start...index: go-logger-test/ch02","time":1652540697005666500}
2022/05/14 23:05:32 {"callers":["C:/Users/zyc/GolandProjects/demo/ch02/main.go: 30 main.init.0"],"level":"error","message":"app.BindAndValid errs: Title长度必须至少为2个字符","time":1652540732673107100}
2022/05/14 23:05:54 {"callers":["C:/Users/zyc/GolandProjects/demo/ch02/main.go: 30 main.init.0"],"level":"info","message":"start...index: go-logger-test/ch02","time":1652540754363811200}
2022/05/14 23:19:56 {"callers":["C:/Users/zyc/GolandProjects/demo/ch02/main.go: 30 main.init.0"],"level":"info","message":"start...index: go-logger-test/ch02","time":1652541596520731100}
2022/05/14 23:22:05 {"callers":["C:/Users/zyc/GolandProjects/demo/ch02/main.go: 30 main.init.0"],"level":"error","message":"app.BindAndValid errs: ","time":1652541725416986100}
2022/05/14 23:22:56 {"callers":["C:/Users/zyc/GolandProjects/demo/ch02/main.go: 30 main.init.0"],"level":"info","message":"start...index: go-logger-test/ch02","time":1652541776378857000}
2022/05/14 23:23:00 {"callers":["C:/Users/zyc/GolandProjects/demo/ch02/main.go: 30 main.init.0"],"level":"error","message":"app.BindAndValid errs: ","time":1652541780758126800}
2022/05/14 23:23:26 {"callers":["C:/Users/zyc/GolandProjects/demo/ch02/main.go: 30 main.init.0"],"level":"error","message":"app.BindAndValid errs: CoverImageUrl为必填字段","time":1652541806356306200}
2022/05/14 23:23:34 {"callers":["C:/Users/zyc/GolandProjects/demo/ch02/main.go: 30 main.init.0"],"level":"error","message":"app.BindAndValid errs: CoverImageUrl必须是一个有效的URL","time":1652541814505847400}
2022/05/14 23:23:52 {"callers":["C:/Users/zyc/GolandProjects/demo/ch02/main.go: 30 main.init.0"],"level":"error","message":"app.BindAndValid errs: CoverImageUrl必须是一个有效的URL","time":1652541832336653400}
2022/05/14 23:24:21 {"callers":["C:/Users/zyc/GolandProjects/demo/ch02/main.go: 30 main.init.0"],"level":"info","message":"article: \u0026{0xc00007f540 test yes hello golang  https://www.baidu.com/ 1}","time":1652541861577983700}
2022/05/14 23:27:11 {"callers":["C:/Users/zyc/GolandProjects/demo/ch02/main.go: 30 main.init.0"],"level":"info","message":"start...index: go-logger-test/ch02","time":1652542031506157900}
2022/05/14 23:34:54 {"callers":["C:/Users/zyc/GolandProjects/demo/ch02/main.go: 30 main.init.0"],"level":"info","message":"start...index: go-logger-test/ch02","time":1652542494027609200}
2022/05/14 23:35:35 {"callers":["C:/Users/zyc/GolandProjects/demo/ch02/main.go: 30 main.init.0"],"level":"info","message":"start...index: go-logger-test/ch02","time":1652542535593030700}
2022/05/14 23:36:24 {"callers":["C:/Users/zyc/GolandProjects/demo/ch02/main.go: 30 main.init.0"],"level":"info","message":"start...index: go-logger-test/ch02","time":1652542584738770000}
2022/05/14 23:36:39 {"callers":["C:/Users/zyc/GolandProjects/demo/ch02/main.go: 30 main.init.0"],"level":"info","message":"start...index: go-logger-test/ch02","time":1652542599433860500}
2022/05/14 23:37:04 {"callers":["C:/Users/zyc/GolandProjects/demo/ch02/main.go: 30 main.init.0"],"level":"info","message":"start...index: go-logger-test/ch02","time":1652542624065829900}
2022/05/14 23:38:02 {"callers":["C:/Users/zyc/GolandProjects/demo/ch02/main.go: 30 main.init.0"],"level":"info","message":"start...index: go-logger-test/ch02","time":1652542682482419700}
2022/05/14 23:39:14 {"callers":["C:/Users/zyc/GolandProjects/demo/ch02/main.go: 30 main.init.0"],"level":"info","message":"start...index: go-logger-test/ch02","time":1652542754958797000}
2022/05/14 23:40:00 {"callers":["C:/Users/zyc/GolandProjects/demo/ch02/main.go: 30 main.init.0"],"level":"info","message":"start...index: go-logger-test/ch02","time":1652542800506106500}
2022/05/14 23:42:02 {"callers":["C:/Users/zyc/GolandProjects/demo/ch02/main.go: 30 main.init.0"],"level":"info","message":"start...index: go-logger-test/ch02","time":1652542922057718800}
2022/05/14 23:46:34 {"callers":["C:/Users/zyc/GolandProjects/demo/ch02/main.go: 30 main.init.0"],"level":"info","message":"start...index: go-logger-test/ch02","time":1652543194090750800}
2022/05/14 23:46:41 {"callers":["C:/Users/zyc/GolandProjects/demo/ch02/main.go: 30 main.init.0"],"level":"info","message":"start...index: go-logger-test/ch02","time":1652543201521492000}
2022/05/14 23:47:08 {"callers":["C:/Users/zyc/GolandProjects/demo/ch02/main.go: 30 main.init.0"],"level":"info","message":"start...index: go-logger-test/ch02","time":1652543228003070200}
2022/05/15 00:06:07 {"callers":["C:/Users/zyc/GolandProjects/demo/ch02/main.go: 30 main.init.0"],"level":"info","message":"start...index: go-logger-test/ch02","time":1652544367949970300}
2022/05/15 22:33:03 {"callers":["C:/Users/zyc/GolandProjects/demo/ch02/main.go: 30 main.init.0"],"level":"error","message":"svc.CheckAuth err: auth info does not exist.","time":1652625183113252300}
2022/05/15 22:53:52 {"callers":["C:/Users/zyc/GolandProjects/demo/ch02/main.go: 30 main.init.0"],"level":"error","message":"svc.CheckAuth err: auth info does not exist.","time":1652626432045445100}
2022/05/16 21:32:18 {"callers":["C:/Users/zyc/GolandProjects/demo/ch02/main.go: 30 main.init.0"],"level":"info","message":"access log: method: GET, status_code: 401, begin_time: 1652707938, end_time: 1652707938","request":"","response":"{\"code\":10000005,\"msg\":\"鉴权失败，Token 超时\"}","time":1652707938414472000}
2022/05/16 21:33:30 {"callers":["C:/Users/zyc/GolandProjects/demo/ch02/main.go: 30 main.init.0"],"level":"info","message":"access log: method: GET, status_code: 200, begin_time: 1652708010, end_time: 1652708010","request":"","response":"{\"list\":[{\"id\":1,\"created_by\":\"test\",\"modified_by\":\"\",\"created_on\":1652522978,\"modified_on\":1652522978,\"deleted_on\":0,\"is_del\":0,\"name\":\"create_tag_test\",\"state\":1},{\"id\":2,\"created_by\":\"test\",\"modified_by\":\"change\",\"created_on\":1652523217,\"modified_on\":1652530787,\"deleted_on\":0,\"is_del\":0,\"name\":\"Java\",\"state\":1}],\"pager\":{\"page\":1,\"page_size\":10,\"total_rows\":2}}","time":1652708010799947000}
2022/05/16 21:33:38 {"callers":["C:/Users/zyc/GolandProjects/demo/ch02/main.go: 30 main.init.0"],"level":"info","message":"access log: method: GET, status_code: 404, begin_time: 1652708018, end_time: 1652708018","request":"","response":"","time":1652708018912045200}
2022/05/16 21:34:06 {"callers":["C:/Users/zyc/GolandProjects/demo/ch02/main.go: 30 main.init.0"],"level":"error","message":"svc.GetArticle err: unsupported destination, should be slice or struct","time":1652708046020012000}
2022/05/16 21:34:06 {"callers":["C:/Users/zyc/GolandProjects/demo/ch02/main.go: 30 main.init.0"],"level":"info","message":"access log: method: GET, status_code: 500, begin_time: 1652708046, end_time: 1652708046","request":"","response":"{\"code\":20020001,\"msg\":\"获取单个文章失败\"}","time":1652708046020012000}
2022/05/16 21:36:26 {"callers":["C:/Users/zyc/GolandProjects/demo/ch02/main.go: 30 main.init.0"],"level":"info","message":"access log: method: GET, status_code: 404, begin_time: 1652708186, end_time: 1652708186","request":"","response":"","time":1652708186315325300}
2022/05/16 21:38:53 {"callers":["C:/Users/zyc/GolandProjects/demo/ch02/pkg/logger/logger.go: 100 demo/ch02/pkg/logger.(*Logger).WithCallersFrames","C:/Users/zyc/GolandProjects/demo/ch02/internal/middleware/recovery.go: 26 demo/ch02/internal/middleware.Recovery.func1.1","C:/Users/zyc/sdk/go1.17.2/src/runtime/panic.go: 1038 runtime.gopanic","C:/Users/zyc/GolandProjects/demo/ch02/internal/routers/api/v1/tag.go: 19 demo/ch02/internal/routers/api/v1.Tag.Get","C:/Users/zyc/go/pkg/mod/github.com/gin-gonic/gin@v1.7.7/context.go: 168 github.com/gin-gonic/gin.(*Context).Next","C:/Users/zyc/GolandProjects/demo/ch02/internal/middleware/translations.go: 44 demo/ch02/internal/middleware.Translations.func1","C:/Users/zyc/go/pkg/mod/github.com/gin-gonic/gin@v1.7.7/context.go: 168 github.com/gin-gonic/gin.(*Context).Next","C:/Users/zyc/GolandProjects/demo/ch02/internal/middleware/recovery.go: 41 demo/ch02/internal/middleware.Recovery.func1","C:/Users/zyc/go/pkg/mod/github.com/gin-gonic/gin@v1.7.7/context.go: 168 github.com/gin-gonic/gin.(*Context).Next","C:/Users/zyc/GolandProjects/demo/ch02/internal/middleware/access_log.go: 33 demo/ch02/internal/middleware.AccessLog.func1","C:/Users/zyc/go/pkg/mod/github.com/gin-gonic/gin@v1.7.7/context.go: 168 github.com/gin-gonic/gin.(*Context).Next","C:/Users/zyc/go/pkg/mod/github.com/gin-gonic/gin@v1.7.7/recovery.go: 99 github.com/gin-gonic/gin.CustomRecoveryWithWriter.func1","C:/Users/zyc/go/pkg/mod/github.com/gin-gonic/gin@v1.7.7/context.go: 168 github.com/gin-gonic/gin.(*Context).Next","C:/Users/zyc/go/pkg/mod/github.com/gin-gonic/gin@v1.7.7/logger.go: 241 github.com/gin-gonic/gin.LoggerWithConfig.func1","C:/Users/zyc/go/pkg/mod/github.com/gin-gonic/gin@v1.7.7/context.go: 168 github.com/gin-gonic/gin.(*Context).Next","C:/Users/zyc/go/pkg/mod/github.com/gin-gonic/gin@v1.7.7/gin.go: 555 github.com/gin-gonic/gin.(*Engine).handleHTTPRequest","C:/Users/zyc/go/pkg/mod/github.com/gin-gonic/gin@v1.7.7/gin.go: 511 github.com/gin-gonic/gin.(*Engine).ServeHTTP","C:/Users/zyc/sdk/go1.17.2/src/net/http/server.go: 2878 net/http.serverHandler.ServeHTTP","C:/Users/zyc/sdk/go1.17.2/src/net/http/server.go: 1929 net/http.(*conn).serve"],"level":"error","message":"panic recover err: 触发panic","time":1652708333161368800}
2022/05/16 21:38:53 {"callers":["C:/Users/zyc/GolandProjects/demo/ch02/main.go: 30 main.init.0"],"level":"panic","message":"mail.SendMail err: dial tcp: lookup mtp.163.com: no such host","time":1652708333195708900}
2022/05/16 21:40:45 {"callers":["C:/Users/zyc/GolandProjects/demo/ch02/pkg/logger/logger.go: 100 demo/ch02/pkg/logger.(*Logger).WithCallersFrames","C:/Users/zyc/GolandProjects/demo/ch02/internal/middleware/recovery.go: 26 demo/ch02/internal/middleware.Recovery.func1.1","C:/Users/zyc/sdk/go1.17.2/src/runtime/panic.go: 1038 runtime.gopanic","C:/Users/zyc/GolandProjects/demo/ch02/internal/routers/api/v1/tag.go: 19 demo/ch02/internal/routers/api/v1.Tag.Get","C:/Users/zyc/go/pkg/mod/github.com/gin-gonic/gin@v1.7.7/context.go: 168 github.com/gin-gonic/gin.(*Context).Next","C:/Users/zyc/GolandProjects/demo/ch02/internal/middleware/translations.go: 44 demo/ch02/internal/middleware.Translations.func1","C:/Users/zyc/go/pkg/mod/github.com/gin-gonic/gin@v1.7.7/context.go: 168 github.com/gin-gonic/gin.(*Context).Next","C:/Users/zyc/GolandProjects/demo/ch02/internal/middleware/recovery.go: 41 demo/ch02/internal/middleware.Recovery.func1","C:/Users/zyc/go/pkg/mod/github.com/gin-gonic/gin@v1.7.7/context.go: 168 github.com/gin-gonic/gin.(*Context).Next","C:/Users/zyc/GolandProjects/demo/ch02/internal/middleware/access_log.go: 33 demo/ch02/internal/middleware.AccessLog.func1","C:/Users/zyc/go/pkg/mod/github.com/gin-gonic/gin@v1.7.7/context.go: 168 github.com/gin-gonic/gin.(*Context).Next","C:/Users/zyc/go/pkg/mod/github.com/gin-gonic/gin@v1.7.7/recovery.go: 99 github.com/gin-gonic/gin.CustomRecoveryWithWriter.func1","C:/Users/zyc/go/pkg/mod/github.com/gin-gonic/gin@v1.7.7/context.go: 168 github.com/gin-gonic/gin.(*Context).Next","C:/Users/zyc/go/pkg/mod/github.com/gin-gonic/gin@v1.7.7/logger.go: 241 github.com/gin-gonic/gin.LoggerWithConfig.func1","C:/Users/zyc/go/pkg/mod/github.com/gin-gonic/gin@v1.7.7/context.go: 168 github.com/gin-gonic/gin.(*Context).Next","C:/Users/zyc/go/pkg/mod/github.com/gin-gonic/gin@v1.7.7/gin.go: 555 github.com/gin-gonic/gin.(*Engine).handleHTTPRequest","C:/Users/zyc/go/pkg/mod/github.com/gin-gonic/gin@v1.7.7/gin.go: 511 github.com/gin-gonic/gin.(*Engine).ServeHTTP","C:/Users/zyc/sdk/go1.17.2/src/net/http/server.go: 2878 net/http.serverHandler.ServeHTTP","C:/Users/zyc/sdk/go1.17.2/src/net/http/server.go: 1929 net/http.(*conn).serve"],"level":"error","message":"panic recover err: 触发panic","time":1652708445752743200}
2022/05/16 21:40:46 {"callers":["C:/Users/zyc/GolandProjects/demo/ch02/main.go: 30 main.init.0"],"level":"info","message":"access log: method: GET, status_code: 500, begin_time: 1652708445, end_time: 1652708446","request":"","response":"{\"code\":10000000,\"msg\":\"服务内部错误\"}","time":1652708446318003900}
2022/05/18 23:16:21 {"callers":["C:/Users/zyc/GolandProjects/demo/ch02/main.go: 31 main.init.0"],"level":"error","message":"app.BindAndValid errs: AppSecret为必填字段,AppKey为必填字段","span_id":"3e48ca5a8986ab56","time":1652886981497630400,"trace_id":"3e48ca5a8986ab56"}
2022/05/22 18:11:21 {"callers":["C:/Users/zyc/GolandProjects/demo/ch02/main.go: 50 main.init.0"],"level":"error","message":"app.BindAndValid errs: AppKey为必填字段,AppSecret为必填字段","span_id":"2ab959a2a8dffe68","time":1653214281276901800,"trace_id":"2ab959a2a8dffe68"}
2022/05/24 23:02:39 {"callers":["C:/Users/zyc/GolandProjects/demo/ch02/main.go: 50 main.init.0"],"level":"error","message":"app.BindAndValid errs: ","span_id":"6c4eb5f2bf5306ef","time":1653404559002539100,"trace_id":"6c4eb5f2bf5306ef"}
2022/05/24 23:03:09 {"callers":["C:/Users/zyc/GolandProjects/demo/ch02/main.go: 50 main.init.0"],"level":"error","message":"app.BindAndValid errs: ","span_id":"7a2612ea9191e949","time":1653404589204692500,"trace_id":"7a2612ea9191e949"}
2022/05/24 23:03:50 {"callers":["C:/Users/zyc/GolandProjects/demo/ch02/main.go: 50 main.init.0"],"level":"error","message":"app.BindAndValid errs: ","span_id":"e340eb3e8fbaf1","time":1653404630554515100,"trace_id":"e340eb3e8fbaf1"}
2022/05/24 23:04:31 {"callers":["C:/Users/zyc/GolandProjects/demo/ch02/main.go: 50 main.init.0"],"level":"error","message":"app.BindAndValid errs: ","span_id":"52d6c922eb5a8677","time":1653404671762281900,"trace_id":"52d6c922eb5a8677"}
2022/05/24 23:04:54 {"callers":["C:/Users/zyc/GolandProjects/demo/ch02/main.go: 50 main.init.0"],"level":"error","message":"app.BindAndValid errs: ","span_id":"2a82db1ef5aac7e6","time":1653404694598286800,"trace_id":"2a82db1ef5aac7e6"}
2022/05/24 23:05:24 {"callers":["C:/Users/zyc/GolandProjects/demo/ch02/main.go: 50 main.init.0"],"level":"error","message":"app.BindAndValid errs: ","span_id":"450d49c2120e28ca","time":1653404724545025300,"trace_id":"450d49c2120e28ca"}
2022/05/24 23:06:13 {"callers":["C:/Users/zyc/GolandProjects/demo/ch02/main.go: 50 main.init.0"],"level":"error","message":"app.BindAndValid errs: ","span_id":"494102df34c3afbc","time":1653404773290766700,"trace_id":"494102df34c3afbc"}
2022/05/24 23:08:02 {"callers":["C:/Users/zyc/GolandProjects/demo/ch02/main.go: 50 main.init.0"],"level":"error","message":"app.BindAndValid errs: ","span_id":"7ade12b833dbffb4","time":1653404882029198600,"trace_id":"7ade12b833dbffb4"}
2022/05/24 23:09:28 {"callers":["C:/Users/zyc/GolandProjects/demo/ch02/main.go: 50 main.init.0"],"level":"error","message":"app.BindAndValid errs: ","span_id":"7a4dca75b03bd593","time":1653404968508948200,"trace_id":"7a4dca75b03bd593"}
2022/05/24 23:09:54 {"callers":["C:/Users/zyc/GolandProjects/demo/ch02/main.go: 50 main.init.0"],"level":"error","message":"app.BindAndValid errs: ","span_id":"494349f5738f03e1","time":1653404994045681000,"trace_id":"494349f5738f03e1"}
2022/05/24 23:10:57 {"callers":["C:/Users/zyc/GolandProjects/demo/ch02/main.go: 50 main.init.0"],"level":"error","message":"app.BindAndValid errs: ","span_id":"127f5d6e6a4be78f","time":1653405057736908800,"trace_id":"127f5d6e6a4be78f"}
2022/05/24 23:12:16 {"callers":["C:/Users/zyc/GolandProjects/demo/ch02/main.go: 50 main.init.0"],"level":"error","message":"app.BindAndValid errs: ","span_id":"4748b2514af7d0a","time":1653405136830413100,"trace_id":"4748b2514af7d0a"}
2022/05/24 23:13:25 {"callers":["C:/Users/zyc/GolandProjects/demo/ch02/main.go: 50 main.init.0"],"level":"error","message":"app.BindAndValid errs: ","span_id":"19454a3a22f93d63","time":1653405205597924600,"trace_id":"19454a3a22f93d63"}
2022/05/24 23:15:03 {"callers":["C:/Users/zyc/GolandProjects/demo/ch02/main.go: 50 main.init.0"],"level":"error","message":"app.BindAndValid errs: AppKey为必填字段,AppSecret为必填字段","span_id":"1bebb0d7311536c1","time":1653405303713624600,"trace_id":"1bebb0d7311536c1"}
2022/05/24 23:15:36 {"callers":["C:/Users/zyc/GolandProjects/demo/ch02/main.go: 50 main.init.0"],"level":"error","message":"app.BindAndValid errs: AppSecret为必填字段","span_id":"91d801ef1436369","time":1653405336324706100,"trace_id":"91d801ef1436369"}
2022/05/24 23:15:46 {"callers":["C:/Users/zyc/GolandProjects/demo/ch02/main.go: 50 main.init.0"],"level":"error","message":"svc.CheckAuth err: auth info does not exist.","span_id":"77c0f915a6b0cb41","time":1653405346446318300,"trace_id":"77c0f915a6b0cb41"}
2022/05/24 23:26:43 {"callers":["C:/Users/zyc/GolandProjects/demo/ch02/main.go: 50 main.init.0"],"level":"error","message":"app.BindAndValid errs: AppKey为必填字段,AppSecret为必填字段","span_id":"1126408f77961da8","time":1653406003493698900,"trace_id":"1126408f77961da8"}
2022/05/24 23:49:57 {"callers":["C:/Users/zyc/GolandProjects/demo/ch02/main.go: 50 main.init.0"],"level":"error","message":"app.BindAndValid errs: AppKey为必填字段,AppSecret为必填字段","span_id":"3efd787d43010136","time":1653407397053310900,"trace_id":"3efd787d43010136"}
2022/06/27 23:44:57 {"callers":["C:/Users/zyc/GolandProjects/demo/ch02/main.go: 50 main.init.0"],"level":"error","message":"app.BindAndValid errs: AppKey为必填字段,AppSecret为必填字段","span_id":"23218e6ccea48c21","time":1656344697118441900,"trace_id":"23218e6ccea48c21"}
2022/06/27 23:53:32 {"callers":["C:/Users/zyc/GolandProjects/demo/ch02/main.go: 50 main.init.0"],"level":"info","message":"access log: method: GET, status_code: 401, begin_time: 1656345212, end_time: 1656345212","request":"","response":"{\"code\":10000004,\"msg\":\"鉴权失败，Token 错误\"}","span_id":"1328aefaded7ea27","time":1656345212755266200,"trace_id":"1328aefaded7ea27"}
2022/06/27 23:53:56 {"callers":["C:/Users/zyc/GolandProjects/demo/ch02/main.go: 50 main.init.0"],"level":"info","message":"access log: method: GET, status_code: 404, begin_time: 1656345236, end_time: 1656345236","request":"","response":"","span_id":"18d2480f8eed4056","time":1656345236302609000,"trace_id":"18d2480f8eed4056"}
2022/06/27 23:53:59 {"callers":["C:/Users/zyc/GolandProjects/demo/ch02/main.go: 50 main.init.0"],"level":"info","message":"access log: method: POST, status_code: 200, begin_time: 1656345239, end_time: 1656345239","request":"","response":"{\"token\":\"eyJhbGciOiJIUzI1NiIsInR5cCI6IkpXVCJ9.eyJhcHBfa2V5IjoiMjEyMzJmMjk3YTU3YTVhNzQzODk0YTBlNGE4MDFmYzMiLCJhcHBfc2VjcmV0IjoiNjgyYjU1NGRiYmQ5NGE3NDQ0NDU5NDJlOGMyZDk3Y2YiLCJleHAiOjE2NTYzNTI0MzksImlzcyI6ImJsb2ctc2VydmljZSJ9.Bpu9fhCA6UMhmdAJJWPFS-UKoZxaqsUdMxgg2YJdKLs\"}","span_id":"5801ce8a84136eee","time":1656345239773712100,"trace_id":"5801ce8a84136eee"}
